{"message":"Url: /, Date: 16:51:35","level":"info"}
{"message":"Url: /favicon.ico, Date: 16:51:35","level":"info"}
{"message":"Url: /articles, Date: 16:51:39","level":"info"}
{"message":"Url: /users/login, Date: 16:51:39","level":"info"}
{"message":"Url: /favicon.ico, Date: 16:51:40","level":"info"}
{"message":"Url: /users/login, Date: 16:51:54","level":"info"}
{"message":"Url: /, Date: 16:51:54","level":"info"}
{"message":"Url: /favicon.ico, Date: 16:51:54","level":"info"}
{"message":"Url: /articles, Date: 16:51:56","level":"info"}
{"message":"Url: /users/login, Date: 16:51:56","level":"info"}
{"message":"Url: /favicon.ico, Date: 16:51:56","level":"info"}
{"message":"Url: /favicon.ico, Date: 16:51:58","level":"info"}
{"message":"Url: /, Date: 12:31:43","level":"info"}
{"message":"Url: /favicon.ico, Date: 12:31:43","level":"info"}
{"message":"Url: /articles, Date: 12:31:45","level":"info"}
{"message":"Url: /users/login, Date: 12:31:45","level":"info"}
{"message":"Url: /favicon.ico, Date: 12:31:45","level":"info"}
{"message":"Url: /favicon.ico, Date: 12:31:46","level":"info"}
{"message":"Url: /users, Date: 12:31:47","level":"info"}
{"message":"Url: /favicon.ico, Date: 12:31:47","level":"info"}
{"message":"Url: /users/register, Date: 12:31:48","level":"info"}
{"message":"Url: /favicon.ico, Date: 12:31:48","level":"info"}
{"message":"Url: /favicon.ico, Date: 12:31:51","level":"info"}
{"message":"Url: /users/login, Date: 12:31:52","level":"info"}
{"message":"Url: /favicon.ico, Date: 12:31:52","level":"info"}
{"message":"Url: /users/login, Date: 12:32:01","level":"info"}
{"message":"Url: /, Date: 12:32:02","level":"info"}
{"message":"Url: /favicon.ico, Date: 12:32:02","level":"info"}
{"message":"Url: /articles, Date: 12:32:03","level":"info"}
{"message":"Url: /users/login, Date: 12:32:03","level":"info"}
{"message":"Url: /favicon.ico, Date: 12:32:03","level":"info"}
{"message":"Url: /users/login, Date: 12:37:05","level":"info"}
{"message":"Url: /favicon.ico, Date: 12:37:05","level":"info"}
{"message":"Url: /users/login, Date: 12:37:13","level":"info"}
{"message":"Url: /, Date: 12:37:13","level":"info"}
{"message":"Url: /favicon.ico, Date: 12:37:13","level":"info"}
{"message":"Url: /articles, Date: 12:37:14","level":"info"}
{"message":"Url: /favicon.ico, Date: 12:37:14","level":"info"}
{"message":"Url: /, Date: 12:37:23","level":"info"}
{"message":"Url: /favicon.ico, Date: 12:37:23","level":"info"}
{"message":"Url: /, Date: 12:37:25","level":"info"}
{"message":"Url: /favicon.ico, Date: 12:37:25","level":"info"}
{"message":"Url: /articles, Date: 12:37:26","level":"info"}
{"message":"Url: /favicon.ico, Date: 12:37:26","level":"info"}
{"message":"Url: /favicon.ico, Date: 12:37:27","level":"info"}
{"message":"Url: /users, Date: 12:37:27","level":"info"}
{"message":"Url: /favicon.ico, Date: 12:37:27","level":"info"}
{"message":"Url: /users/login, Date: 12:37:30","level":"info"}
{"message":"Url: /favicon.ico, Date: 12:37:31","level":"info"}
{"message":"Url: /users/login, Date: 12:37:38","level":"info"}
{"message":"Url: /, Date: 12:37:39","level":"info"}
{"message":"Url: /favicon.ico, Date: 12:37:39","level":"info"}
{"message":"Url: /articles, Date: 12:37:39","level":"info"}
{"message":"Url: /favicon.ico, Date: 12:37:39","level":"info"}
{"message":"Url: /favicon.ico, Date: 12:37:41","level":"info"}
{"message":"Url: /users, Date: 12:37:42","level":"info"}
{"message":"Url: /favicon.ico, Date: 12:37:42","level":"info"}
{"message":"Url: /users/login, Date: 12:37:43","level":"info"}
{"message":"Url: /favicon.ico, Date: 12:37:43","level":"info"}
{"message":"Url: /users/login, Date: 12:37:49","level":"info"}
{"message":"Url: /favicon.ico, Date: 12:37:49","level":"info"}
{"message":"Url: /favicon.ico, Date: 12:37:51","level":"info"}
{"message":"Url: /favicon.ico, Date: 12:37:52","level":"info"}
{"message":"Url: /users/register, Date: 12:37:54","level":"info"}
{"message":"Url: /favicon.ico, Date: 12:37:54","level":"info"}
{"message":"Url: /users/register, Date: 12:38:02","level":"info"}
{"message":"Url: /favicon.ico, Date: 12:38:02","level":"info"}
{"message":"Url: /users/register, Date: 12:39:18","level":"info"}
{"message":"Url: /favicon.ico, Date: 12:39:19","level":"info"}
{"message":"Url: /users/register, Date: 12:39:26","level":"info"}
{"message":"Url: /favicon.ico, Date: 12:39:27","level":"info"}
{"message":"Url: /users/register, Date: 12:39:32","level":"info"}
{"message":"Url: /favicon.ico, Date: 12:39:32","level":"info"}
{"message":"Url: /favicon.ico, Date: 12:39:33","level":"info"}
{"message":"Url: /users/register, Date: 12:39:36","level":"info"}
{"message":"Url: /favicon.ico, Date: 12:39:36","level":"info"}
{"message":"Url: /users/register, Date: 12:39:39","level":"info"}
{"message":"Url: /favicon.ico, Date: 12:39:39","level":"info"}
{"message":"Url: /favicon.ico, Date: 12:39:40","level":"info"}
{"message":"Url: /favicon.ico, Date: 12:39:41","level":"info"}
{"message":"Url: /articles, Date: 12:46:34","level":"info"}
{"message":"Url: /users/login, Date: 12:46:34","level":"info"}
{"message":"Url: /favicon.ico, Date: 12:46:35","level":"info"}
{"message":"Url: /users/login, Date: 12:46:40","level":"info"}
{"message":"Url: /, Date: 12:46:40","level":"info"}
{"message":"Url: /favicon.ico, Date: 12:46:40","level":"info"}
{"message":"Url: /articles, Date: 12:46:41","level":"info"}
{"message":"Url: /favicon.ico, Date: 12:46:41","level":"info"}
{"message":"Url: /favicon.ico, Date: 12:46:43","level":"info"}
{"message":"Url: /users, Date: 12:46:43","level":"info"}
{"message":"Url: /favicon.ico, Date: 12:46:43","level":"info"}
{"message":"Url: /users/logout, Date: 12:46:44","level":"info"}
{"message":"Url: /, Date: 12:46:44","level":"info"}
{"message":"Url: /favicon.ico, Date: 12:46:44","level":"info"}
{"message":"Url: /articles, Date: 12:46:45","level":"info"}
{"message":"Url: /users/login, Date: 12:46:45","level":"info"}
{"message":"Url: /favicon.ico, Date: 12:46:45","level":"info"}
